0 info it worked if it ends with ok
1 verbose cli [ '/Users/mattstyles/.nvm/v0.10.32/bin/node',
1 verbose cli   '/Users/mattstyles/.nvm/v0.10.32/bin/npm',
1 verbose cli   'publish' ]
2 info using npm@1.4.28
3 info using node@v0.10.32
4 verbose publish [ '.' ]
5 verbose cache add [ '.', null ]
6 verbose cache add name=undefined spec="." args=[".",null]
7 verbose parsed url { protocol: null,
7 verbose parsed url   slashes: null,
7 verbose parsed url   auth: null,
7 verbose parsed url   host: null,
7 verbose parsed url   port: null,
7 verbose parsed url   hostname: null,
7 verbose parsed url   hash: null,
7 verbose parsed url   search: null,
7 verbose parsed url   query: null,
7 verbose parsed url   pathname: '.',
7 verbose parsed url   path: '.',
7 verbose parsed url   href: '.' }
8 silly lockFile 3a52ce78- .
9 verbose lock . /Users/mattstyles/.npm/3a52ce78-.lock
10 verbose tar pack [ '/Users/mattstyles/.npm/tatty-screen/1.0.0/package.tgz', '.' ]
11 verbose tarball /Users/mattstyles/.npm/tatty-screen/1.0.0/package.tgz
12 verbose folder .
13 info prepublish tatty-screen@1.0.0
14 silly lockFile 1f1177db-tar tar://.
15 verbose lock tar://. /Users/mattstyles/.npm/1f1177db-tar.lock
16 silly lockFile 8b705396-m-tatty-screen-1-0-0-package-tgz tar:///Users/mattstyles/.npm/tatty-screen/1.0.0/package.tgz
17 verbose lock tar:///Users/mattstyles/.npm/tatty-screen/1.0.0/package.tgz /Users/mattstyles/.npm/8b705396-m-tatty-screen-1-0-0-package-tgz.lock
18 silly lockFile 1f1177db-tar tar://.
19 silly lockFile 1f1177db-tar tar://.
20 silly lockFile 8b705396-m-tatty-screen-1-0-0-package-tgz tar:///Users/mattstyles/.npm/tatty-screen/1.0.0/package.tgz
21 silly lockFile 8b705396-m-tatty-screen-1-0-0-package-tgz tar:///Users/mattstyles/.npm/tatty-screen/1.0.0/package.tgz
22 silly lockFile e2d8250c-s-npm-tatty-screen-1-0-0-package /Users/mattstyles/.npm/tatty-screen/1.0.0/package
23 verbose lock /Users/mattstyles/.npm/tatty-screen/1.0.0/package /Users/mattstyles/.npm/e2d8250c-s-npm-tatty-screen-1-0-0-package.lock
24 silly lockFile e2d8250c-s-npm-tatty-screen-1-0-0-package /Users/mattstyles/.npm/tatty-screen/1.0.0/package
25 silly lockFile e2d8250c-s-npm-tatty-screen-1-0-0-package /Users/mattstyles/.npm/tatty-screen/1.0.0/package
26 silly lockFile 3a52ce78- .
27 silly lockFile 3a52ce78- .
28 silly publish { name: 'tatty-screen',
28 silly publish   version: '1.0.0',
28 silly publish   description: 'ES6 green-screen teleprinter',
28 silly publish   main: 'dist/index.js',
28 silly publish   scripts:
28 silly publish    { watch: './build/watch.js',
28 silly publish      build: './build/build.js',
28 silly publish      test: 'echo "Error: no test specified" && exit 1' },
28 silly publish   author: { name: 'Matt Styles @personalurban' },
28 silly publish   keywords: [ 'es6', 'screen', 'printer', 'tty', 'teleprinter' ],
28 silly publish   repository:
28 silly publish    { type: 'git',
28 silly publish      url: 'https://github.com/mattstyles/tatty-screen' },
28 silly publish   bugs: { url: 'https://github.com/mattstyles/tatty-screen/issues' },
28 silly publish   license: 'WTFPL',
28 silly publish   devDependencies:
28 silly publish    { 'es6-module-loader': '^0.9.2',
28 silly publish      systemjs: '^0.9.1',
28 silly publish      'systemjs-builder': '^0.2.1',
28 silly publish      traceur: '0.0.66',
28 silly publish      watch: '^0.11.0' },
28 silly publish   readme: '# Tatty-screen.js\n\n> Simple ES6 green screen teleprinter in the browser\n\n\n## Getting Started\n\n```\nbower install --save tatty-screen\n```\n\nThis is an ES6 module compiled with [Traceur](https://github.com/google/traceur-compiler) so you’ll need that.\n\n\n## Building\n\n```\ngit clone git@github.com:mattstyles/tatty-screen.git\nnpm install\nbower install\nnpm run build\n```\n\nAlso, a file watcher because watching and reacting is the shit\n\n```\nnpm run watch\n```\n',
28 silly publish   readmeFilename: 'README.md',
28 silly publish   gitHead: 'cc2c67abd8b0ef3a9a3affbecd235f165c1ee3b3',
28 silly publish   homepage: 'https://github.com/mattstyles/tatty-screen',
28 silly publish   _id: 'tatty-screen@1.0.0',
28 silly publish   _shasum: 'c45605fc873f14cded798ae4c8fd4b6ac0002535',
28 silly publish   _from: '.' }
29 error need auth auth and email required for publishing
29 error need auth You need to authorize this machine using `npm adduser`
30 error System Darwin 13.4.0
31 error command "/Users/mattstyles/.nvm/v0.10.32/bin/node" "/Users/mattstyles/.nvm/v0.10.32/bin/npm" "publish"
32 error cwd /Users/mattstyles/projects/myprojects/tatty/tatty-screen
33 error node -v v0.10.32
34 error npm -v 1.4.28
35 error code ENEEDAUTH
36 verbose exit [ 1, true ]
